2019/11/22 15:20:59 [error] [php] include(PublicMess.php): failed to open stream: No such file or directory (D:\WampServer\wamp64\www\workspace\YII\YII_clothes_purchase_sale\hsyii\framework\YiiBase.php:432)
Stack trace:
#0 D:\WampServer\wamp64\www\workspace\YII\YII_clothes_purchase_sale\hsyii\admin\controllers\PublicMessageController.php(49): spl_autoload_call()
#1 unknown(0): PublicMessageController->actionIndex()
#2 D:\WampServer\wamp64\www\workspace\YII\YII_clothes_purchase_sale\hsyii\framework\web\actions\CAction.php(109): ReflectionMethod->invokeArgs()
#3 D:\WampServer\wamp64\www\workspace\YII\YII_clothes_purchase_sale\hsyii\framework\web\actions\CInlineAction.php(47): CInlineAction->runWithParamsInternal()
#4 D:\WampServer\wamp64\www\workspace\YII\YII_clothes_purchase_sale\hsyii\framework\web\CController.php(308): CInlineAction->runWithParams()
#5 D:\WampServer\wamp64\www\workspace\YII\YII_clothes_purchase_sale\hsyii\framework\web\CController.php(286): PublicMessageController->runAction()
#6 D:\WampServer\wamp64\www\workspace\YII\YII_clothes_purchase_sale\hsyii\framework\web\CController.php(265): PublicMessageController->runActionWithFilters()
#7 D:\WampServer\wamp64\www\workspace\YII\YII_clothes_purchase_sale\hsyii\framework\web\CWebApplication.php(282): PublicMessageController->run()
#8 D:\WampServer\wamp64\www\workspace\YII\YII_clothes_purchase_sale\hsyii\framework\web\CWebApplication.php(141): CWebApplication->runController()
#9 D:\WampServer\wamp64\www\workspace\YII\YII_clothes_purchase_sale\hsyii\framework\base\CApplication.php(185): CWebApplication->processRequest()
#10 D:\WampServer\wamp64\www\workspace\YII\YII_clothes_purchase_sale\hsyii\index.php(33): CWebApplication->run()
REQUEST_URI=/workspace/YII/YII_clothes_purchase_sale/hsyii/index.php?r=PublicMessage/index
2019/11/22 15:21:29 [error] [exception.CException] exception 'CException' with message '属性 "PublicMessage.permission" 未被定义.' in D:\WampServer\wamp64\www\workspace\YII\YII_clothes_purchase_sale\hsyii\framework\base\CComponent.php:130
Stack trace:
#0 D:\WampServer\wamp64\www\workspace\YII\YII_clothes_purchase_sale\hsyii\framework\db\ar\CActiveRecord.php(145): CComponent->__get('permission')
#1 D:\WampServer\wamp64\www\workspace\YII\YII_clothes_purchase_sale\hsyii\admin\views\PublicMessage\index.php(35): CActiveRecord->__get('permission')
#2 D:\WampServer\wamp64\www\workspace\YII\YII_clothes_purchase_sale\hsyii\framework\web\CBaseController.php(126): require('D:\\WampServer\\w...')
#3 D:\WampServer\wamp64\www\workspace\YII\YII_clothes_purchase_sale\hsyii\framework\web\CBaseController.php(95): CBaseController->renderInternal('D:\\WampServer\\w...', Array, true)
#4 D:\WampServer\wamp64\www\workspace\YII\YII_clothes_purchase_sale\hsyii\framework\web\CController.php(872): CBaseController->renderFile('D:\\WampServer\\w...', Array, true)
#5 D:\WampServer\wamp64\www\workspace\YII\YII_clothes_purchase_sale\hsyii\framework\web\CController.php(785): CController->renderPartial('/PublicMessage/...', Array, true)
#6 D:\WampServer\wamp64\www\workspace\YII\YII_clothes_purchase_sale\hsyii\admin\components\BaseController.php(68): CController->render('/PublicMessage/...', Array)
#7 D:\WampServer\wamp64\www\workspace\YII\YII_clothes_purchase_sale\hsyii\admin\controllers\PublicMessageController.php(57): BaseController->_list(Object(PublicMessage), Object(CDbCriteria), '/PublicMessage/...', Array)
#8 [internal function]: PublicMessageController->actionIndex('')
#9 D:\WampServer\wamp64\www\workspace\YII\YII_clothes_purchase_sale\hsyii\framework\web\actions\CAction.php(109): ReflectionMethod->invokeArgs(Object(PublicMessageController), Array)
#10 D:\WampServer\wamp64\www\workspace\YII\YII_clothes_purchase_sale\hsyii\framework\web\actions\CInlineAction.php(47): CAction->runWithParamsInternal(Object(PublicMessageController), Object(ReflectionMethod), Array)
#11 D:\WampServer\wamp64\www\workspace\YII\YII_clothes_purchase_sale\hsyii\framework\web\CController.php(308): CInlineAction->runWithParams(Array)
#12 D:\WampServer\wamp64\www\workspace\YII\YII_clothes_purchase_sale\hsyii\framework\web\CController.php(286): CController->runAction(Object(CInlineAction))
#13 D:\WampServer\wamp64\www\workspace\YII\YII_clothes_purchase_sale\hsyii\framework\web\CController.php(265): CController->runActionWithFilters(Object(CInlineAction), Array)
#14 D:\WampServer\wamp64\www\workspace\YII\YII_clothes_purchase_sale\hsyii\framework\web\CWebApplication.php(282): CController->run('index')
#15 D:\WampServer\wamp64\www\workspace\YII\YII_clothes_purchase_sale\hsyii\framework\web\CWebApplication.php(141): CWebApplication->runController('PublicMessage/i...')
#16 D:\WampServer\wamp64\www\workspace\YII\YII_clothes_purchase_sale\hsyii\framework\base\CApplication.php(185): CWebApplication->processRequest()
#17 D:\WampServer\wamp64\www\workspace\YII\YII_clothes_purchase_sale\hsyii\index.php(33): CApplication->run()
#18 {main}
REQUEST_URI=/workspace/YII/YII_clothes_purchase_sale/hsyii/index.php?r=PublicMessage/index
HTTP_REFERER=http://localhost:8088/workspace/YII/YII_clothes_purchase_sale/hsyii/index.php
---
2019/11/23 06:25:45 [error] [exception.CException] exception 'CException' with message '属性 "AccountInformation.detail_id" 未被定义.' in D:\WampServer\wamp64\www\workspace\YII\YII_clothes_purchase_sale\hsyii\framework\base\CComponent.php:130
Stack trace:
#0 D:\WampServer\wamp64\www\workspace\YII\YII_clothes_purchase_sale\hsyii\framework\db\ar\CActiveRecord.php(145): CComponent->__get('detail_id')
#1 D:\WampServer\wamp64\www\workspace\YII\YII_clothes_purchase_sale\hsyii\admin\views\AccountInformation\index.php(46): CActiveRecord->__get('detail_id')
#2 D:\WampServer\wamp64\www\workspace\YII\YII_clothes_purchase_sale\hsyii\framework\web\CBaseController.php(126): require('D:\\WampServer\\w...')
#3 D:\WampServer\wamp64\www\workspace\YII\YII_clothes_purchase_sale\hsyii\framework\web\CBaseController.php(95): CBaseController->renderInternal('D:\\WampServer\\w...', Array, true)
#4 D:\WampServer\wamp64\www\workspace\YII\YII_clothes_purchase_sale\hsyii\framework\web\CController.php(872): CBaseController->renderFile('D:\\WampServer\\w...', Array, true)
#5 D:\WampServer\wamp64\www\workspace\YII\YII_clothes_purchase_sale\hsyii\framework\web\CController.php(785): CController->renderPartial('index', Array, true)
#6 D:\WampServer\wamp64\www\workspace\YII\YII_clothes_purchase_sale\hsyii\admin\components\BaseController.php(68): CController->render('index', Array)
#7 D:\WampServer\wamp64\www\workspace\YII\YII_clothes_purchase_sale\hsyii\admin\controllers\AccountInformationController.php(64): BaseController->_list(Object(AccountInformation), Object(CDbCriteria), 'index', Array)
#8 [internal function]: AccountInformationController->actionIndex('', '')
#9 D:\WampServer\wamp64\www\workspace\YII\YII_clothes_purchase_sale\hsyii\framework\web\actions\CAction.php(109): ReflectionMethod->invokeArgs(Object(AccountInformationController), Array)
#10 D:\WampServer\wamp64\www\workspace\YII\YII_clothes_purchase_sale\hsyii\framework\web\actions\CInlineAction.php(47): CAction->runWithParamsInternal(Object(AccountInformationController), Object(ReflectionMethod), Array)
#11 D:\WampServer\wamp64\www\workspace\YII\YII_clothes_purchase_sale\hsyii\framework\web\CController.php(308): CInlineAction->runWithParams(Array)
#12 D:\WampServer\wamp64\www\workspace\YII\YII_clothes_purchase_sale\hsyii\framework\web\CController.php(286): CController->runAction(Object(CInlineAction))
#13 D:\WampServer\wamp64\www\workspace\YII\YII_clothes_purchase_sale\hsyii\framework\web\CController.php(265): CController->runActionWithFilters(Object(CInlineAction), Array)
#14 D:\WampServer\wamp64\www\workspace\YII\YII_clothes_purchase_sale\hsyii\framework\web\CWebApplication.php(282): CController->run('index')
#15 D:\WampServer\wamp64\www\workspace\YII\YII_clothes_purchase_sale\hsyii\framework\web\CWebApplication.php(141): CWebApplication->runController('AccountInformat...')
#16 D:\WampServer\wamp64\www\workspace\YII\YII_clothes_purchase_sale\hsyii\framework\base\CApplication.php(185): CWebApplication->processRequest()
#17 D:\WampServer\wamp64\www\workspace\YII\YII_clothes_purchase_sale\hsyii\index.php(33): CApplication->run()
#18 {main}
REQUEST_URI=/workspace/YII/YII_clothes_purchase_sale/hsyii/index.php?r=AccountInformation/index
HTTP_REFERER=http://localhost:8088/workspace/YII/YII_clothes_purchase_sale/hsyii/index.php
---
2019/11/23 06:26:06 [error] [exception.CException] exception 'CException' with message '属性 "AccountInformation.detail_id" 未被定义.' in D:\WampServer\wamp64\www\workspace\YII\YII_clothes_purchase_sale\hsyii\framework\base\CComponent.php:130
Stack trace:
#0 D:\WampServer\wamp64\www\workspace\YII\YII_clothes_purchase_sale\hsyii\framework\db\ar\CActiveRecord.php(145): CComponent->__get('detail_id')
#1 D:\WampServer\wamp64\www\workspace\YII\YII_clothes_purchase_sale\hsyii\admin\views\AccountInformation\index.php(46): CActiveRecord->__get('detail_id')
#2 D:\WampServer\wamp64\www\workspace\YII\YII_clothes_purchase_sale\hsyii\framework\web\CBaseController.php(126): require('D:\\WampServer\\w...')
#3 D:\WampServer\wamp64\www\workspace\YII\YII_clothes_purchase_sale\hsyii\framework\web\CBaseController.php(95): CBaseController->renderInternal('D:\\WampServer\\w...', Array, true)
#4 D:\WampServer\wamp64\www\workspace\YII\YII_clothes_purchase_sale\hsyii\framework\web\CController.php(872): CBaseController->renderFile('D:\\WampServer\\w...', Array, true)
#5 D:\WampServer\wamp64\www\workspace\YII\YII_clothes_purchase_sale\hsyii\framework\web\CController.php(785): CController->renderPartial('index', Array, true)
#6 D:\WampServer\wamp64\www\workspace\YII\YII_clothes_purchase_sale\hsyii\admin\components\BaseController.php(68): CController->render('index', Array)
#7 D:\WampServer\wamp64\www\workspace\YII\YII_clothes_purchase_sale\hsyii\admin\controllers\AccountInformationController.php(64): BaseController->_list(Object(AccountInformation), Object(CDbCriteria), 'index', Array)
#8 [internal function]: AccountInformationController->actionIndex('', '')
#9 D:\WampServer\wamp64\www\workspace\YII\YII_clothes_purchase_sale\hsyii\framework\web\actions\CAction.php(109): ReflectionMethod->invokeArgs(Object(AccountInformationController), Array)
#10 D:\WampServer\wamp64\www\workspace\YII\YII_clothes_purchase_sale\hsyii\framework\web\actions\CInlineAction.php(47): CAction->runWithParamsInternal(Object(AccountInformationController), Object(ReflectionMethod), Array)
#11 D:\WampServer\wamp64\www\workspace\YII\YII_clothes_purchase_sale\hsyii\framework\web\CController.php(308): CInlineAction->runWithParams(Array)
#12 D:\WampServer\wamp64\www\workspace\YII\YII_clothes_purchase_sale\hsyii\framework\web\CController.php(286): CController->runAction(Object(CInlineAction))
#13 D:\WampServer\wamp64\www\workspace\YII\YII_clothes_purchase_sale\hsyii\framework\web\CController.php(265): CController->runActionWithFilters(Object(CInlineAction), Array)
#14 D:\WampServer\wamp64\www\workspace\YII\YII_clothes_purchase_sale\hsyii\framework\web\CWebApplication.php(282): CController->run('index')
#15 D:\WampServer\wamp64\www\workspace\YII\YII_clothes_purchase_sale\hsyii\framework\web\CWebApplication.php(141): CWebApplication->runController('AccountInformat...')
#16 D:\WampServer\wamp64\www\workspace\YII\YII_clothes_purchase_sale\hsyii\framework\base\CApplication.php(185): CWebApplication->processRequest()
#17 D:\WampServer\wamp64\www\workspace\YII\YII_clothes_purchase_sale\hsyii\index.php(33): CApplication->run()
#18 {main}
REQUEST_URI=/workspace/YII/YII_clothes_purchase_sale/hsyii/index.php?r=AccountInformation/index
HTTP_REFERER=http://localhost:8088/workspace/YII/YII_clothes_purchase_sale/hsyii/index.php
---
2019/11/23 06:26:22 [error] [exception.CException] exception 'CException' with message '属性 "AccountInformation.detail_id" 未被定义.' in D:\WampServer\wamp64\www\workspace\YII\YII_clothes_purchase_sale\hsyii\framework\base\CComponent.php:130
Stack trace:
#0 D:\WampServer\wamp64\www\workspace\YII\YII_clothes_purchase_sale\hsyii\framework\db\ar\CActiveRecord.php(145): CComponent->__get('detail_id')
#1 D:\WampServer\wamp64\www\workspace\YII\YII_clothes_purchase_sale\hsyii\admin\views\AccountInformation\index.php(45): CActiveRecord->__get('detail_id')
#2 D:\WampServer\wamp64\www\workspace\YII\YII_clothes_purchase_sale\hsyii\framework\web\CBaseController.php(126): require('D:\\WampServer\\w...')
#3 D:\WampServer\wamp64\www\workspace\YII\YII_clothes_purchase_sale\hsyii\framework\web\CBaseController.php(95): CBaseController->renderInternal('D:\\WampServer\\w...', Array, true)
#4 D:\WampServer\wamp64\www\workspace\YII\YII_clothes_purchase_sale\hsyii\framework\web\CController.php(872): CBaseController->renderFile('D:\\WampServer\\w...', Array, true)
#5 D:\WampServer\wamp64\www\workspace\YII\YII_clothes_purchase_sale\hsyii\framework\web\CController.php(785): CController->renderPartial('index', Array, true)
#6 D:\WampServer\wamp64\www\workspace\YII\YII_clothes_purchase_sale\hsyii\admin\components\BaseController.php(68): CController->render('index', Array)
#7 D:\WampServer\wamp64\www\workspace\YII\YII_clothes_purchase_sale\hsyii\admin\controllers\AccountInformationController.php(64): BaseController->_list(Object(AccountInformation), Object(CDbCriteria), 'index', Array)
#8 [internal function]: AccountInformationController->actionIndex('', '')
#9 D:\WampServer\wamp64\www\workspace\YII\YII_clothes_purchase_sale\hsyii\framework\web\actions\CAction.php(109): ReflectionMethod->invokeArgs(Object(AccountInformationController), Array)
#10 D:\WampServer\wamp64\www\workspace\YII\YII_clothes_purchase_sale\hsyii\framework\web\actions\CInlineAction.php(47): CAction->runWithParamsInternal(Object(AccountInformationController), Object(ReflectionMethod), Array)
#11 D:\WampServer\wamp64\www\workspace\YII\YII_clothes_purchase_sale\hsyii\framework\web\CController.php(308): CInlineAction->runWithParams(Array)
#12 D:\WampServer\wamp64\www\workspace\YII\YII_clothes_purchase_sale\hsyii\framework\web\CController.php(286): CController->runAction(Object(CInlineAction))
#13 D:\WampServer\wamp64\www\workspace\YII\YII_clothes_purchase_sale\hsyii\framework\web\CController.php(265): CController->runActionWithFilters(Object(CInlineAction), Array)
#14 D:\WampServer\wamp64\www\workspace\YII\YII_clothes_purchase_sale\hsyii\framework\web\CWebApplication.php(282): CController->run('index')
#15 D:\WampServer\wamp64\www\workspace\YII\YII_clothes_purchase_sale\hsyii\framework\web\CWebApplication.php(141): CWebApplication->runController('AccountInformat...')
#16 D:\WampServer\wamp64\www\workspace\YII\YII_clothes_purchase_sale\hsyii\framework\base\CApplication.php(185): CWebApplication->processRequest()
#17 D:\WampServer\wamp64\www\workspace\YII\YII_clothes_purchase_sale\hsyii\index.php(33): CApplication->run()
#18 {main}
REQUEST_URI=/workspace/YII/YII_clothes_purchase_sale/hsyii/index.php?r=AccountInformation/index
HTTP_REFERER=http://localhost:8088/workspace/YII/YII_clothes_purchase_sale/hsyii/index.php
---
2019/11/23 06:30:55 [error] [exception.CHttpException.400] exception 'CHttpException' with message '您的请求无效。' in D:\WampServer\wamp64\www\workspace\YII\YII_clothes_purchase_sale\hsyii\framework\web\CController.php:337
Stack trace:
#0 D:\WampServer\wamp64\www\workspace\YII\YII_clothes_purchase_sale\hsyii\framework\web\CController.php(309): CController->invalidActionParams(Object(CInlineAction))
#1 D:\WampServer\wamp64\www\workspace\YII\YII_clothes_purchase_sale\hsyii\framework\web\CController.php(286): CController->runAction(Object(CInlineAction))
#2 D:\WampServer\wamp64\www\workspace\YII\YII_clothes_purchase_sale\hsyii\framework\web\CController.php(265): CController->runActionWithFilters(Object(CInlineAction), Array)
#3 D:\WampServer\wamp64\www\workspace\YII\YII_clothes_purchase_sale\hsyii\framework\web\CWebApplication.php(282): CController->run('update')
#4 D:\WampServer\wamp64\www\workspace\YII\YII_clothes_purchase_sale\hsyii\framework\web\CWebApplication.php(141): CWebApplication->runController('SalesRecords/up...')
#5 D:\WampServer\wamp64\www\workspace\YII\YII_clothes_purchase_sale\hsyii\framework\base\CApplication.php(185): CWebApplication->processRequest()
#6 D:\WampServer\wamp64\www\workspace\YII\YII_clothes_purchase_sale\hsyii\index.php(33): CApplication->run()
#7 {main}
REQUEST_URI=/workspace/YII/YII_clothes_purchase_sale/hsyii/index.php?r=SalesRecords/update&id=30
HTTP_REFERER=http://localhost:8088/workspace/YII/YII_clothes_purchase_sale/hsyii/index.php?r=AccountInformation/index
---
